2018-51-24 14:51:54.348 [Test worker] INFO  module.CommandParser - Parsing customerIds argument...
2018-51-24 14:51:54.592 [Test worker] INFO  module.CommandParser - Parsing default range value: 1:20
2018-51-24 14:51:54.614 [Test worker] INFO  module.CommandParser - Parsed range: 1:20
2018-51-24 14:51:54.617 [Test worker] INFO  module.CommandParser - Parsing itemsQuantity argument...
2018-51-24 14:51:54.619 [Test worker] INFO  module.CommandParser - Parsing default range value: 1:5
2018-51-24 14:51:54.620 [Test worker] INFO  module.CommandParser - Parsed range: 1:5
2018-51-24 14:51:54.622 [Test worker] INFO  module.CommandParser - Parsing itemsCount argument...
2018-51-24 14:51:54.627 [Test worker] ERROR module.CommandParser - Invalid range argument value: Range arguments must be numeric
2018-51-24 14:51:54.629 [Test worker] ERROR module.CommandParser - Invalid itemsCount argument value
2018-51-24 14:51:54.632 [Test worker] INFO  module.CommandParser - Parsing customerIds argument...
2018-51-24 14:51:54.633 [Test worker] INFO  module.CommandParser - Parsing default range value: 1:20
2018-51-24 14:51:54.634 [Test worker] INFO  module.CommandParser - Parsed range: 1:20
2018-51-24 14:51:54.636 [Test worker] INFO  module.CommandParser - Parsing itemsQuantity argument...
2018-51-24 14:51:54.637 [Test worker] INFO  module.CommandParser - Parsing default range value: 1:5
2018-51-24 14:51:54.638 [Test worker] INFO  module.CommandParser - Parsed range: 1:5
2018-51-24 14:51:54.640 [Test worker] INFO  module.CommandParser - Parsing itemsCount argument...
2018-51-24 14:51:54.648 [Test worker] INFO  module.CommandParser - Parsing default range value: 1:5
2018-51-24 14:51:54.650 [Test worker] INFO  module.CommandParser - Parsed range: 1:5
2018-51-24 14:51:54.651 [Test worker] INFO  module.CommandParser - Parsing dateRange argument...
2018-51-24 14:51:54.865 [Test worker] INFO  module.CommandParser - Parsing default dateRange argument value: 2018-05-24T00:00-01:00-2018-05-24T23:59:59.999-01:00
2018-51-24 14:51:54.866 [Test worker] INFO  module.CommandParser - Parsed dateRange argument value: 2018-05-24T00:00-01:00-2018-05-24T23:59:59.999-01:00
2018-51-24 14:51:54.867 [Test worker] INFO  module.CommandParser - Parsing eventsCount argument...
2018-51-24 14:51:54.868 [Test worker] ERROR module.CommandParser - eventsCount argument must be numeric
2018-51-24 14:51:54.869 [Test worker] ERROR module.CommandParser - Invalid eventsCount argument value
2018-51-24 14:51:54.871 [Test worker] INFO  module.CommandParser - Parsing customerIds argument...
2018-51-24 14:51:54.872 [Test worker] INFO  module.CommandParser - Parsing default range value: 1:20
2018-51-24 14:51:54.874 [Test worker] INFO  module.CommandParser - Parsed range: 1:20
2018-51-24 14:51:54.876 [Test worker] INFO  module.CommandParser - Parsing itemsQuantity argument...
2018-51-24 14:51:54.877 [Test worker] INFO  module.CommandParser - Parsing default range value: 1:5
2018-51-24 14:51:54.878 [Test worker] INFO  module.CommandParser - Parsed range: 1:5
2018-51-24 14:51:54.887 [Test worker] INFO  module.CommandParser - Parsing itemsCount argument...
2018-51-24 14:51:54.888 [Test worker] INFO  module.CommandParser - Parsing default range value: 1:5
2018-51-24 14:51:54.890 [Test worker] INFO  module.CommandParser - Parsed range: 1:5
2018-51-24 14:51:54.896 [Test worker] INFO  module.CommandParser - Parsing dateRange argument...
2018-51-24 14:51:54.898 [Test worker] INFO  module.CommandParser - Parsing default dateRange argument value: 2018-05-24T00:00-01:00-2018-05-24T23:59:59.999-01:00
2018-51-24 14:51:54.899 [Test worker] INFO  module.CommandParser - Parsed dateRange argument value: 2018-05-24T00:00-01:00-2018-05-24T23:59:59.999-01:00
2018-51-24 14:51:54.900 [Test worker] INFO  module.CommandParser - Parsing eventsCount argument...
2018-51-24 14:51:54.901 [Test worker] INFO  module.CommandParser - Parsing default eventsCount arguments: 100
2018-51-24 14:51:54.902 [Test worker] INFO  module.CommandParser - Parsed eventsCount arguments: 100
2018-51-24 14:51:54.903 [Test worker] INFO  module.CommandParser - Parsing outDir argument...
2018-51-24 14:51:54.906 [Test worker] INFO  module.CommandParser - Parsing default outDir argument: current folder
2018-51-24 14:51:54.907 [Test worker] INFO  module.CommandParser - Parsing itemsFile argument...
2018-51-24 14:51:54.908 [Test worker] INFO  module.CommandParser - Parsed itemsFile argument: test.test
2018-51-24 14:51:54.912 [Test worker] INFO  module.CommandParser - Parsing customerIds argument...
2018-51-24 14:51:54.914 [Test worker] INFO  module.CommandParser - Parsed range: 2:15
2018-51-24 14:51:54.915 [Test worker] INFO  module.CommandParser - Parsing itemsQuantity argument...
2018-51-24 14:51:54.916 [Test worker] INFO  module.CommandParser - Parsed range: 1:30
2018-51-24 14:51:54.917 [Test worker] INFO  module.CommandParser - Parsing itemsCount argument...
2018-51-24 14:51:54.918 [Test worker] INFO  module.CommandParser - Parsed range: 5:15
2018-51-24 14:51:54.919 [Test worker] INFO  module.CommandParser - Parsing dateRange argument...
2018-51-24 14:51:54.920 [Test worker] INFO  module.CommandParser - Parsed dateRange argument value: 2018-03-08T00:00-01:00-2018-03-08T23:59:59.999-01:00
2018-51-24 14:51:54.921 [Test worker] INFO  module.CommandParser - Parsing eventsCount argument...
2018-51-24 14:51:54.922 [Test worker] INFO  module.CommandParser - Parsed eventsCount arguments: 10
2018-51-24 14:51:54.923 [Test worker] INFO  module.CommandParser - Parsing outDir argument...
2018-51-24 14:51:54.924 [Test worker] INFO  module.CommandParser - Parsed outDir argument: ./output
2018-51-24 14:51:54.925 [Test worker] INFO  module.CommandParser - Parsing itemsFile argument...
2018-51-24 14:51:54.927 [Test worker] INFO  module.CommandParser - Parsed itemsFile argument: test.test
2018-51-24 14:51:54.928 [Test worker] INFO  module.CommandParser - Parsing customerIds argument...
2018-51-24 14:51:54.929 [Test worker] INFO  module.CommandParser - Parsing default range value: 1:20
2018-51-24 14:51:54.930 [Test worker] INFO  module.CommandParser - Parsed range: 1:20
2018-51-24 14:51:54.931 [Test worker] INFO  module.CommandParser - Parsing itemsQuantity argument...
2018-51-24 14:51:54.932 [Test worker] INFO  module.CommandParser - Parsing default range value: 1:5
2018-51-24 14:51:54.933 [Test worker] INFO  module.CommandParser - Parsed range: 1:5
2018-51-24 14:51:54.934 [Test worker] INFO  module.CommandParser - Parsing itemsCount argument...
2018-51-24 14:51:54.935 [Test worker] INFO  module.CommandParser - Parsing default range value: 1:5
2018-51-24 14:51:54.936 [Test worker] INFO  module.CommandParser - Parsed range: 1:5
2018-51-24 14:51:54.940 [Test worker] INFO  module.CommandParser - Parsing dateRange argument...
2018-51-24 14:51:54.941 [Test worker] ERROR module.CommandParser - Invalid dateRange argument value
2018-51-24 14:51:54.942 [Test worker] ERROR module.CommandParser - Invalid dateRange argument...
2018-51-24 14:51:54.943 [Test worker] INFO  module.CommandParser - Parsing customerIds argument...
2018-51-24 14:51:54.944 [Test worker] INFO  module.CommandParser - Parsing default range value: 1:20
2018-51-24 14:51:54.945 [Test worker] INFO  module.CommandParser - Parsed range: 1:20
2018-51-24 14:51:54.946 [Test worker] INFO  module.CommandParser - Parsing itemsQuantity argument...
2018-51-24 14:51:54.947 [Test worker] INFO  module.CommandParser - Parsing default range value: 1:5
2018-51-24 14:51:54.954 [Test worker] INFO  module.CommandParser - Parsed range: 1:5
2018-51-24 14:51:54.957 [Test worker] INFO  module.CommandParser - Parsing itemsCount argument...
2018-51-24 14:51:54.960 [Test worker] INFO  module.CommandParser - Parsing default range value: 1:5
2018-51-24 14:51:54.963 [Test worker] INFO  module.CommandParser - Parsed range: 1:5
2018-51-24 14:51:54.966 [Test worker] INFO  module.CommandParser - Parsing dateRange argument...
2018-51-24 14:51:54.969 [Test worker] ERROR module.CommandParser - Invalid dateRange argument value
2018-51-24 14:51:54.972 [Test worker] ERROR module.CommandParser - Invalid dateRange argument...
2018-51-24 14:51:54.977 [Test worker] INFO  module.CommandParser - Parsing customerIds argument...
2018-51-24 14:51:54.987 [Test worker] ERROR module.CommandParser - Invalid range argument value: Range must be splited by character ":"
2018-51-24 14:51:54.990 [Test worker] ERROR module.CommandParser - Invalid customerIds argument value
2018-51-24 14:51:54.994 [Test worker] INFO  module.CommandParser - Parsing customerIds argument...
2018-51-24 14:51:54.997 [Test worker] INFO  module.CommandParser - Parsing default range value: 1:20
2018-51-24 14:51:54.999 [Test worker] INFO  module.CommandParser - Parsed range: 1:20
2018-51-24 14:51:55.002 [Test worker] INFO  module.CommandParser - Parsing itemsQuantity argument...
2018-51-24 14:51:55.009 [Test worker] INFO  module.CommandParser - Parsing default range value: 1:5
2018-51-24 14:51:55.010 [Test worker] INFO  module.CommandParser - Parsed range: 1:5
2018-51-24 14:51:55.014 [Test worker] INFO  module.CommandParser - Parsing itemsCount argument...
2018-51-24 14:51:55.016 [Test worker] ERROR module.CommandParser - Invalid range argument value: Range arguments must be numeric
2018-51-24 14:51:55.018 [Test worker] ERROR module.CommandParser - Invalid itemsCount argument value
2018-51-24 14:51:55.026 [Test worker] INFO  module.CommandParser - Parsing customerIds argument...
2018-51-24 14:51:55.027 [Test worker] ERROR module.CommandParser - Invalid range argument value: Range must have two arguments
2018-51-24 14:51:55.028 [Test worker] ERROR module.CommandParser - Invalid customerIds argument value
2018-51-24 14:51:55.029 [Test worker] INFO  module.CommandParser - Parsing customerIds argument...
2018-51-24 14:51:55.030 [Test worker] INFO  module.CommandParser - Parsing default range value: 1:20
2018-51-24 14:51:55.030 [Test worker] INFO  module.CommandParser - Parsed range: 1:20
2018-51-24 14:51:55.031 [Test worker] INFO  module.CommandParser - Parsing itemsQuantity argument...
2018-51-24 14:51:55.032 [Test worker] ERROR module.CommandParser - Invalid range argument value: First range argument must be smaller
2018-51-24 14:51:55.034 [Test worker] ERROR module.CommandParser - Invalid itemsQuantity value
2018-51-24 14:51:55.035 [Test worker] INFO  module.CommandParser - Parsing customerIds argument...
2018-51-24 14:51:55.036 [Test worker] INFO  module.CommandParser - Parsing default range value: 1:20
2018-51-24 14:51:55.037 [Test worker] INFO  module.CommandParser - Parsed range: 1:20
2018-51-24 14:51:55.038 [Test worker] INFO  module.CommandParser - Parsing itemsQuantity argument...
2018-51-24 14:51:55.038 [Test worker] ERROR module.CommandParser - Invalid range argument value: Range arguments must be numeric
2018-51-24 14:51:55.039 [Test worker] ERROR module.CommandParser - Invalid itemsQuantity value
2018-51-24 14:51:56.204 [Test worker] INFO  module.CommandParser - Starting generating transactions...
2018-51-24 14:51:56.205 [Test worker] INFO  module.CommandParser - Generating transaction number 0
2018-51-24 14:51:56.415 [Test worker] INFO  module.CommandParser - Generated transaction:
{
  "id": 0,
  "timestamp": "2018-03-08T00:00:00.050-0100",
  "customer_id": 70,
  "items": [
    {
      "name": "lizak",
      "quantity": 9,
      "price": 2.3
    }
  ],
  "sum": 20.70
}
2018-51-24 14:51:56.509 [Test worker] INFO  module.CommandParser - Charging items from file...
2018-51-24 14:51:56.512 [Test worker] INFO  module.CommandParser - Charged items from file succesfully
2018-51-24 14:51:56.515 [Test worker] INFO  module.CommandParser - Charging items from file...
2018-51-24 14:51:56.516 [Test worker] INFO  module.CommandParser - File Mock for FileWrapper, hashCode: 1591773488 does not exist
2018-54-24 14:54:14.185 [main] INFO  module.CommandParser - Parsing customerIds argument...
2018-54-24 14:54:14.378 [main] INFO  module.CommandParser - Parsing default range value: 1:20
2018-54-24 14:54:14.386 [main] INFO  module.CommandParser - Parsed range: 1:20
2018-54-24 14:54:14.387 [main] INFO  module.CommandParser - Parsing itemsQuantity argument...
2018-54-24 14:54:14.389 [main] INFO  module.CommandParser - Parsing default range value: 1:5
2018-54-24 14:54:14.389 [main] INFO  module.CommandParser - Parsed range: 1:5
2018-54-24 14:54:14.390 [main] INFO  module.CommandParser - Parsing itemsCount argument...
2018-54-24 14:54:14.391 [main] ERROR module.CommandParser - Invalid range argument value: Range arguments must be numeric
2018-54-24 14:54:14.401 [main] ERROR module.CommandParser - Invalid itemsCount argument value
2018-54-24 14:54:14.403 [main] INFO  module.CommandParser - Parsing customerIds argument...
2018-54-24 14:54:14.404 [main] INFO  module.CommandParser - Parsing default range value: 1:20
2018-54-24 14:54:14.404 [main] INFO  module.CommandParser - Parsed range: 1:20
2018-54-24 14:54:14.405 [main] INFO  module.CommandParser - Parsing itemsQuantity argument...
2018-54-24 14:54:14.405 [main] INFO  module.CommandParser - Parsing default range value: 1:5
2018-54-24 14:54:14.406 [main] INFO  module.CommandParser - Parsed range: 1:5
2018-54-24 14:54:14.407 [main] INFO  module.CommandParser - Parsing itemsCount argument...
2018-54-24 14:54:14.413 [main] INFO  module.CommandParser - Parsing default range value: 1:5
2018-54-24 14:54:14.416 [main] INFO  module.CommandParser - Parsed range: 1:5
2018-54-24 14:54:14.417 [main] INFO  module.CommandParser - Parsing dateRange argument...
2018-54-24 14:54:14.598 [main] INFO  module.CommandParser - Parsing default dateRange argument value: 2018-05-24T00:00-01:00-2018-05-24T23:59:59.999-01:00
2018-54-24 14:54:14.599 [main] INFO  module.CommandParser - Parsed dateRange argument value: 2018-05-24T00:00-01:00-2018-05-24T23:59:59.999-01:00
2018-54-24 14:54:14.600 [main] INFO  module.CommandParser - Parsing eventsCount argument...
2018-54-24 14:54:14.600 [main] ERROR module.CommandParser - eventsCount argument must be numeric
2018-54-24 14:54:14.601 [main] ERROR module.CommandParser - Invalid eventsCount argument value
2018-54-24 14:54:14.602 [main] INFO  module.CommandParser - Parsing customerIds argument...
2018-54-24 14:54:14.606 [main] INFO  module.CommandParser - Parsing default range value: 1:20
2018-54-24 14:54:14.607 [main] INFO  module.CommandParser - Parsed range: 1:20
2018-54-24 14:54:14.607 [main] INFO  module.CommandParser - Parsing itemsQuantity argument...
2018-54-24 14:54:14.608 [main] INFO  module.CommandParser - Parsing default range value: 1:5
2018-54-24 14:54:14.608 [main] INFO  module.CommandParser - Parsed range: 1:5
2018-54-24 14:54:14.609 [main] INFO  module.CommandParser - Parsing itemsCount argument...
2018-54-24 14:54:14.617 [main] INFO  module.CommandParser - Parsing default range value: 1:5
2018-54-24 14:54:14.617 [main] INFO  module.CommandParser - Parsed range: 1:5
2018-54-24 14:54:14.618 [main] INFO  module.CommandParser - Parsing dateRange argument...
2018-54-24 14:54:14.619 [main] INFO  module.CommandParser - Parsing default dateRange argument value: 2018-05-24T00:00-01:00-2018-05-24T23:59:59.999-01:00
2018-54-24 14:54:14.619 [main] INFO  module.CommandParser - Parsed dateRange argument value: 2018-05-24T00:00-01:00-2018-05-24T23:59:59.999-01:00
2018-54-24 14:54:14.620 [main] INFO  module.CommandParser - Parsing eventsCount argument...
2018-54-24 14:54:14.620 [main] INFO  module.CommandParser - Parsing default eventsCount arguments: 100
2018-54-24 14:54:14.620 [main] INFO  module.CommandParser - Parsed eventsCount arguments: 100
2018-54-24 14:54:14.621 [main] INFO  module.CommandParser - Parsing outDir argument...
2018-54-24 14:54:14.623 [main] INFO  module.CommandParser - Parsing default outDir argument: current folder
2018-54-24 14:54:14.624 [main] INFO  module.CommandParser - Parsing itemsFile argument...
2018-54-24 14:54:14.624 [main] INFO  module.CommandParser - Parsed itemsFile argument: test.test
2018-54-24 14:54:14.627 [main] INFO  module.CommandParser - Parsing customerIds argument...
2018-54-24 14:54:14.627 [main] INFO  module.CommandParser - Parsed range: 2:15
2018-54-24 14:54:14.628 [main] INFO  module.CommandParser - Parsing itemsQuantity argument...
2018-54-24 14:54:14.630 [main] INFO  module.CommandParser - Parsed range: 1:30
2018-54-24 14:54:14.630 [main] INFO  module.CommandParser - Parsing itemsCount argument...
2018-54-24 14:54:14.631 [main] INFO  module.CommandParser - Parsed range: 5:15
2018-54-24 14:54:14.631 [main] INFO  module.CommandParser - Parsing dateRange argument...
2018-54-24 14:54:14.632 [main] INFO  module.CommandParser - Parsed dateRange argument value: 2018-03-08T00:00-01:00-2018-03-08T23:59:59.999-01:00
2018-54-24 14:54:14.633 [main] INFO  module.CommandParser - Parsing eventsCount argument...
2018-54-24 14:54:14.650 [main] INFO  module.CommandParser - Parsed eventsCount arguments: 10
2018-54-24 14:54:14.651 [main] INFO  module.CommandParser - Parsing outDir argument...
2018-54-24 14:54:14.651 [main] INFO  module.CommandParser - Parsed outDir argument: ./output
2018-54-24 14:54:14.651 [main] INFO  module.CommandParser - Parsing itemsFile argument...
2018-54-24 14:54:14.652 [main] INFO  module.CommandParser - Parsed itemsFile argument: test.test
2018-54-24 14:54:14.653 [main] INFO  module.CommandParser - Parsing customerIds argument...
2018-54-24 14:54:14.653 [main] INFO  module.CommandParser - Parsing default range value: 1:20
2018-54-24 14:54:14.654 [main] INFO  module.CommandParser - Parsed range: 1:20
2018-54-24 14:54:14.654 [main] INFO  module.CommandParser - Parsing itemsQuantity argument...
2018-54-24 14:54:14.656 [main] INFO  module.CommandParser - Parsing default range value: 1:5
2018-54-24 14:54:14.656 [main] INFO  module.CommandParser - Parsed range: 1:5
2018-54-24 14:54:14.657 [main] INFO  module.CommandParser - Parsing itemsCount argument...
2018-54-24 14:54:14.657 [main] INFO  module.CommandParser - Parsing default range value: 1:5
2018-54-24 14:54:14.658 [main] INFO  module.CommandParser - Parsed range: 1:5
2018-54-24 14:54:14.658 [main] INFO  module.CommandParser - Parsing dateRange argument...
2018-54-24 14:54:14.659 [main] ERROR module.CommandParser - Invalid dateRange argument value
2018-54-24 14:54:14.659 [main] ERROR module.CommandParser - Invalid dateRange argument...
2018-54-24 14:54:14.665 [main] INFO  module.CommandParser - Parsing customerIds argument...
2018-54-24 14:54:14.665 [main] INFO  module.CommandParser - Parsing default range value: 1:20
2018-54-24 14:54:14.666 [main] INFO  module.CommandParser - Parsed range: 1:20
2018-54-24 14:54:14.666 [main] INFO  module.CommandParser - Parsing itemsQuantity argument...
2018-54-24 14:54:14.667 [main] INFO  module.CommandParser - Parsing default range value: 1:5
2018-54-24 14:54:14.667 [main] INFO  module.CommandParser - Parsed range: 1:5
2018-54-24 14:54:14.668 [main] INFO  module.CommandParser - Parsing itemsCount argument...
2018-54-24 14:54:14.668 [main] INFO  module.CommandParser - Parsing default range value: 1:5
2018-54-24 14:54:14.668 [main] INFO  module.CommandParser - Parsed range: 1:5
2018-54-24 14:54:14.669 [main] INFO  module.CommandParser - Parsing dateRange argument...
2018-54-24 14:54:14.669 [main] ERROR module.CommandParser - Invalid dateRange argument value
2018-54-24 14:54:14.670 [main] ERROR module.CommandParser - Invalid dateRange argument...
2018-54-24 14:54:14.671 [main] INFO  module.CommandParser - Parsing customerIds argument...
2018-54-24 14:54:14.672 [main] ERROR module.CommandParser - Invalid range argument value: Range must be splited by character ":"
2018-54-24 14:54:14.673 [main] ERROR module.CommandParser - Invalid customerIds argument value
2018-54-24 14:54:14.674 [main] INFO  module.CommandParser - Parsing customerIds argument...
2018-54-24 14:54:14.675 [main] INFO  module.CommandParser - Parsing default range value: 1:20
2018-54-24 14:54:14.675 [main] INFO  module.CommandParser - Parsed range: 1:20
2018-54-24 14:54:14.675 [main] INFO  module.CommandParser - Parsing itemsQuantity argument...
2018-54-24 14:54:14.676 [main] INFO  module.CommandParser - Parsing default range value: 1:5
2018-54-24 14:54:14.676 [main] INFO  module.CommandParser - Parsed range: 1:5
2018-54-24 14:54:14.677 [main] INFO  module.CommandParser - Parsing itemsCount argument...
2018-54-24 14:54:14.677 [main] ERROR module.CommandParser - Invalid range argument value: Range arguments must be numeric
2018-54-24 14:54:14.678 [main] ERROR module.CommandParser - Invalid itemsCount argument value
2018-54-24 14:54:14.678 [main] INFO  module.CommandParser - Parsing customerIds argument...
2018-54-24 14:54:14.679 [main] ERROR module.CommandParser - Invalid range argument value: Range must have two arguments
2018-54-24 14:54:14.680 [main] ERROR module.CommandParser - Invalid customerIds argument value
2018-54-24 14:54:14.681 [main] INFO  module.CommandParser - Parsing customerIds argument...
2018-54-24 14:54:14.681 [main] INFO  module.CommandParser - Parsing default range value: 1:20
2018-54-24 14:54:14.682 [main] INFO  module.CommandParser - Parsed range: 1:20
2018-54-24 14:54:14.683 [main] INFO  module.CommandParser - Parsing itemsQuantity argument...
2018-54-24 14:54:14.683 [main] ERROR module.CommandParser - Invalid range argument value: First range argument must be smaller
2018-54-24 14:54:14.684 [main] ERROR module.CommandParser - Invalid itemsQuantity value
2018-54-24 14:54:14.685 [main] INFO  module.CommandParser - Parsing customerIds argument...
2018-54-24 14:54:14.685 [main] INFO  module.CommandParser - Parsing default range value: 1:20
2018-54-24 14:54:14.686 [main] INFO  module.CommandParser - Parsed range: 1:20
2018-54-24 14:54:14.687 [main] INFO  module.CommandParser - Parsing itemsQuantity argument...
2018-54-24 14:54:14.687 [main] ERROR module.CommandParser - Invalid range argument value: Range arguments must be numeric
2018-54-24 14:54:14.689 [main] ERROR module.CommandParser - Invalid itemsQuantity value
